\BOOKMARK [0][-]{section*.1}{\315ndice general}{}% 1
\BOOKMARK [0][-]{section*.2}{\315ndice de figuras}{}% 2
\BOOKMARK [0][-]{section*.3}{\315ndice de tablas}{}% 3
\BOOKMARK [0][-]{chapter*.4}{Introducci\363n}{}% 4
\BOOKMARK [1][-]{section.1.1}{Estructura de la memoria}{chapter*.4}% 5
\BOOKMARK [0][-]{chapter*.5}{Objetivos del proyecto}{}% 6
\BOOKMARK [1][-]{section.2.1}{Objetivos generales}{chapter*.5}% 7
\BOOKMARK [1][-]{section.2.2}{Objetivos t\351cnicos}{chapter*.5}% 8
\BOOKMARK [0][-]{chapter*.6}{Conceptos te\363ricos}{}% 9
\BOOKMARK [1][-]{section.3.1}{Framework}{chapter*.6}% 10
\BOOKMARK [1][-]{section.3.2}{Frontend}{chapter*.6}% 11
\BOOKMARK [1][-]{section.3.3}{Backend}{chapter*.6}% 12
\BOOKMARK [1][-]{section.3.4}{Desarrollo full stack}{chapter*.6}% 13
\BOOKMARK [0][-]{chapter*.7}{T\351cnicas y herramientas}{}% 14
\BOOKMARK [1][-]{section.4.1}{C\363digo Fuente}{chapter*.7}% 15
\BOOKMARK [1][-]{section.4.2}{Eclipse}{chapter*.7}% 16
\BOOKMARK [1][-]{section.4.3}{Gesti\363n del proyecto y control de versiones}{chapter*.7}% 17
\BOOKMARK [0][-]{chapter*.15}{Aspectos relevantes del desarrollo del proyecto}{}% 18
\BOOKMARK [0][-]{chapter*.16}{Trabajos relacionados}{}% 19
\BOOKMARK [1][-]{section.6.1}{Gestor-TFG-2016}{chapter*.16}% 20
\BOOKMARK [1][-]{section.6.2}{GESTFG}{chapter*.16}% 21
\BOOKMARK [0][-]{chapter*.17}{Conclusiones y L\355neas de trabajo futuras}{}% 22
\BOOKMARK [1][-]{section.7.1}{Conclusiones}{chapter*.17}% 23
\BOOKMARK [1][-]{section.7.2}{L\355neas de trabajo futuras}{chapter*.17}% 24
\BOOKMARK [0][-]{chapter*.18}{Bibliograf\355a}{}% 25
